<?xml version="1.0" encoding="utf-8"?><testsuites name="pytest tests"><testsuite name="pytest" errors="0" failures="0" skipped="0" tests="23" time="9.698" timestamp="2026-08-15T15:54:10.199558+00:00" hostname="agent-env-0d3294e3-be55-4a43-97f9-9a78d6766cb7"><testcase classname="tests.backend_test" name="test_root" time="0.176" /><testcase classname="tests.backend_test" name="test_login_user" time="0.045" /><testcase classname="tests.backend_test" name="test_login_admin" time="0.043" /><testcase classname="tests.backend_test" name="test_login_invalid" time="0.045" /><testcase classname="tests.backend_test" name="test_login_messy_email_uppercase_and_spaces" time="0.045" /><testcase classname="tests.backend_test" name="test_login_trailing_space_password" time="0.043" /><testcase classname="tests.backend_test" name="test_login_unknown_email_401" time="0.042" /><testcase classname="tests.backend_test" name="test_register_and_login_roundtrip_normalized" time="0.110" /><testcase classname="tests.backend_test" name="test_register_welcome_bonus" time="0.041" /><testcase classname="tests.backend_test" name="test_register_duplicate_email" time="0.084" /><testcase classname="tests.backend_test" name="test_register_short_password" time="0.042" /><testcase classname="tests.backend_test" name="test_addresses_seed_present" time="0.051" /><testcase classname="tests.backend_test" name="test_address_add_and_delete" time="0.207" /><testcase classname="tests.backend_test" name="test_address_empty_400" time="0.085" /><testcase classname="tests.backend_test" name="test_default_address_seeded" time="0.046" /><testcase classname="tests.backend_test" name="test_set_default_address_switch" time="0.130" /><testcase classname="tests.backend_test" name="test_set_default_unknown_user_404" time="0.045" /><testcase classname="tests.backend_test" name="test_favourites_toggle" time="0.224" /><testcase classname="tests.backend_test" name="test_favourites_unknown_user_404" time="0.043" /><testcase classname="tests.backend_test" name="test_get_favourites_returns_list" time="0.044" /><testcase classname="tests.backend_test" name="test_scan_live_gemini" time="7.650" /><testcase classname="tests.backend_test" name="test_disposal_search_phone" time="0.044" /><testcase classname="tests.backend_test" name="test_centers_list" time="0.042" /></testsuite></testsuites>